2022-08-12 00:26:54.265445: I tensorflow/core/platform/cpu_feature_guard.cc:141] Your CPU supports instructions that this TensorFlow binary was not compiled to use: AVX2 FMA
2022-08-12 00:26:56.624323: I tensorflow/compiler/xla/service/service.cc:150] XLA service 0x5d12380 executing computations on platform CUDA. Devices:
2022-08-12 00:26:56.624449: I tensorflow/compiler/xla/service/service.cc:158]   StreamExecutor device (0): NVIDIA GeForce GTX 1080 Ti, Compute Capability 6.1
2022-08-12 00:26:56.624476: I tensorflow/compiler/xla/service/service.cc:158]   StreamExecutor device (1): NVIDIA GeForce GTX 1080 Ti, Compute Capability 6.1
2022-08-12 00:26:56.624498: I tensorflow/compiler/xla/service/service.cc:158]   StreamExecutor device (2): NVIDIA GeForce GTX 1080 Ti, Compute Capability 6.1
2022-08-12 00:26:56.624519: I tensorflow/compiler/xla/service/service.cc:158]   StreamExecutor device (3): NVIDIA GeForce GTX 1080 Ti, Compute Capability 6.1
2022-08-12 00:26:56.659516: I tensorflow/core/platform/profile_utils/cpu_utils.cc:94] CPU Frequency: 2297290000 Hz
2022-08-12 00:26:56.664421: I tensorflow/compiler/xla/service/service.cc:150] XLA service 0x26ef4e0 executing computations on platform Host. Devices:
2022-08-12 00:26:56.664537: I tensorflow/compiler/xla/service/service.cc:158]   StreamExecutor device (0): <undefined>, <undefined>
2022-08-12 00:26:56.665044: I tensorflow/core/common_runtime/gpu/gpu_device.cc:1433] Found device 0 with properties: 
name: NVIDIA GeForce GTX 1080 Ti major: 6 minor: 1 memoryClockRate(GHz): 1.582
pciBusID: 0000:02:00.0
totalMemory: 10.92GiB freeMemory: 4.62GiB
2022-08-12 00:26:56.665189: I tensorflow/core/common_runtime/gpu/gpu_device.cc:1433] Found device 1 with properties: 
name: NVIDIA GeForce GTX 1080 Ti major: 6 minor: 1 memoryClockRate(GHz): 1.582
pciBusID: 0000:04:00.0
totalMemory: 10.92GiB freeMemory: 1.73GiB
2022-08-12 00:26:56.665309: I tensorflow/core/common_runtime/gpu/gpu_device.cc:1433] Found device 2 with properties: 
name: NVIDIA GeForce GTX 1080 Ti major: 6 minor: 1 memoryClockRate(GHz): 1.582
pciBusID: 0000:83:00.0
totalMemory: 10.92GiB freeMemory: 3.40GiB
2022-08-12 00:26:56.665421: I tensorflow/core/common_runtime/gpu/gpu_device.cc:1433] Found device 3 with properties: 
name: NVIDIA GeForce GTX 1080 Ti major: 6 minor: 1 memoryClockRate(GHz): 1.582
pciBusID: 0000:84:00.0
totalMemory: 10.92GiB freeMemory: 8.64GiB
2022-08-12 00:26:56.673844: I tensorflow/core/common_runtime/gpu/gpu_device.cc:1512] Adding visible gpu devices: 0, 1, 2, 3
2022-08-12 00:26:56.680876: I tensorflow/core/common_runtime/gpu/gpu_device.cc:984] Device interconnect StreamExecutor with strength 1 edge matrix:
2022-08-12 00:26:56.680997: I tensorflow/core/common_runtime/gpu/gpu_device.cc:990]      0 1 2 3 
2022-08-12 00:26:56.681030: I tensorflow/core/common_runtime/gpu/gpu_device.cc:1003] 0:   N Y N N 
2022-08-12 00:26:56.681055: I tensorflow/core/common_runtime/gpu/gpu_device.cc:1003] 1:   Y N N N 
2022-08-12 00:26:56.681079: I tensorflow/core/common_runtime/gpu/gpu_device.cc:1003] 2:   N N N Y 
2022-08-12 00:26:56.681103: I tensorflow/core/common_runtime/gpu/gpu_device.cc:1003] 3:   N N Y N 
2022-08-12 00:26:56.681683: I tensorflow/core/common_runtime/gpu/gpu_device.cc:1115] Created TensorFlow device (/job:localhost/replica:0/task:0/device:GPU:0 with 4433 MB memory) -> physical GPU (device: 0, name: NVIDIA GeForce GTX 1080 Ti, pci bus id: 0000:02:00.0, compute capability: 6.1)
2022-08-12 00:26:56.691606: I tensorflow/core/common_runtime/gpu/gpu_device.cc:1115] Created TensorFlow device (/job:localhost/replica:0/task:0/device:GPU:1 with 1549 MB memory) -> physical GPU (device: 1, name: NVIDIA GeForce GTX 1080 Ti, pci bus id: 0000:04:00.0, compute capability: 6.1)
2022-08-12 00:26:56.707533: I tensorflow/core/common_runtime/gpu/gpu_device.cc:1115] Created TensorFlow device (/job:localhost/replica:0/task:0/device:GPU:2 with 3184 MB memory) -> physical GPU (device: 2, name: NVIDIA GeForce GTX 1080 Ti, pci bus id: 0000:83:00.0, compute capability: 6.1)
2022-08-12 00:26:56.711568: I tensorflow/core/common_runtime/gpu/gpu_device.cc:1115] Created TensorFlow device (/job:localhost/replica:0/task:0/device:GPU:3 with 8404 MB memory) -> physical GPU (device: 3, name: NVIDIA GeForce GTX 1080 Ti, pci bus id: 0000:84:00.0, compute capability: 6.1)
WARNING:tensorflow:From /home/zhoujianping/miniconda3/envs/tf1/lib/python3.6/site-packages/tensorflow/python/framework/op_def_library.py:263: colocate_with (from tensorflow.python.framework.ops) is deprecated and will be removed in a future version.
Instructions for updating:
Colocations handled automatically by placer.
WARNING:tensorflow:From /home/zhoujianping/QA_basedKG/bert/modeling.py:674: dense (from tensorflow.python.layers.core) is deprecated and will be removed in a future version.
Instructions for updating:
Use keras.layers.dense instead.
WARNING:tensorflow:From /home/zhoujianping/miniconda3/envs/tf1/lib/python3.6/site-packages/tensorflow/contrib/crf/python/ops/crf.py:213: dynamic_rnn (from tensorflow.python.ops.rnn) is deprecated and will be removed in a future version.
Instructions for updating:
Please use `keras.layers.RNN(cell)`, which is equivalent to this API
WARNING:tensorflow:From /home/zhoujianping/miniconda3/envs/tf1/lib/python3.6/site-packages/tensorflow/python/ops/rnn.py:626: to_int32 (from tensorflow.python.ops.math_ops) is deprecated and will be removed in a future version.
Instructions for updating:
Use tf.cast instead.
WARNING:tensorflow:From /home/zhoujianping/miniconda3/envs/tf1/lib/python3.6/site-packages/tensorflow/python/training/saver.py:1266: checkpoint_exists (from tensorflow.python.training.checkpoint_management) is deprecated and will be removed in a future version.
Instructions for updating:
Use standard file APIs to check for files with this prefix.
INFO:tensorflow:Restoring parameters from ../checkpoints/webqa/ner/bert_bilstm_crf/model.ckpt-75
2022-08-12 00:27:19.939577: I tensorflow/stream_executor/dso_loader.cc:152] successfully opened CUDA library libcublas.so.10.0 locally
../checkpoints/webqa/ner/bert_bilstm_crf
checkpoint path:../checkpoints/webqa/ner/bert_bilstm_crf/checkpoint
going to restore checkpoint
accuracy: 88.09055118110236%, correct: 1790, total: 2032
Time used: 0 sec
