2022-08-12 00:25:46.149487: I tensorflow/core/platform/cpu_feature_guard.cc:141] Your CPU supports instructions that this TensorFlow binary was not compiled to use: AVX2 FMA
2022-08-12 00:25:46.966326: I tensorflow/compiler/xla/service/service.cc:150] XLA service 0x2306eb0 executing computations on platform CUDA. Devices:
2022-08-12 00:25:46.966386: I tensorflow/compiler/xla/service/service.cc:158]   StreamExecutor device (0): NVIDIA GeForce RTX 2080 Ti, Compute Capability 7.5
2022-08-12 00:25:46.966399: I tensorflow/compiler/xla/service/service.cc:158]   StreamExecutor device (1): NVIDIA GeForce RTX 2080 Ti, Compute Capability 7.5
2022-08-12 00:25:46.966411: I tensorflow/compiler/xla/service/service.cc:158]   StreamExecutor device (2): NVIDIA GeForce RTX 2080 Ti, Compute Capability 7.5
2022-08-12 00:25:46.966422: I tensorflow/compiler/xla/service/service.cc:158]   StreamExecutor device (3): NVIDIA GeForce RTX 2080 Ti, Compute Capability 7.5
2022-08-12 00:25:46.972916: I tensorflow/core/platform/profile_utils/cpu_utils.cc:94] CPU Frequency: 2397215000 Hz
2022-08-12 00:25:46.975227: I tensorflow/compiler/xla/service/service.cc:150] XLA service 0x20eac80 executing computations on platform Host. Devices:
2022-08-12 00:25:46.975273: I tensorflow/compiler/xla/service/service.cc:158]   StreamExecutor device (0): <undefined>, <undefined>
2022-08-12 00:25:46.975501: I tensorflow/core/common_runtime/gpu/gpu_device.cc:1433] Found device 0 with properties: 
name: NVIDIA GeForce RTX 2080 Ti major: 7 minor: 5 memoryClockRate(GHz): 1.545
pciBusID: 0000:02:00.0
totalMemory: 10.76GiB freeMemory: 8.27GiB
2022-08-12 00:25:46.975578: I tensorflow/core/common_runtime/gpu/gpu_device.cc:1433] Found device 1 with properties: 
name: NVIDIA GeForce RTX 2080 Ti major: 7 minor: 5 memoryClockRate(GHz): 1.545
pciBusID: 0000:04:00.0
totalMemory: 10.76GiB freeMemory: 7.24GiB
2022-08-12 00:25:46.975640: I tensorflow/core/common_runtime/gpu/gpu_device.cc:1433] Found device 2 with properties: 
name: NVIDIA GeForce RTX 2080 Ti major: 7 minor: 5 memoryClockRate(GHz): 1.545
pciBusID: 0000:83:00.0
totalMemory: 10.76GiB freeMemory: 4.26GiB
2022-08-12 00:25:46.975698: I tensorflow/core/common_runtime/gpu/gpu_device.cc:1433] Found device 3 with properties: 
name: NVIDIA GeForce RTX 2080 Ti major: 7 minor: 5 memoryClockRate(GHz): 1.545
pciBusID: 0000:84:00.0
totalMemory: 10.76GiB freeMemory: 1.08GiB
2022-08-12 00:25:46.975765: I tensorflow/core/common_runtime/gpu/gpu_device.cc:1512] Adding visible gpu devices: 0, 1, 2, 3
2022-08-12 00:25:46.981221: I tensorflow/core/common_runtime/gpu/gpu_device.cc:984] Device interconnect StreamExecutor with strength 1 edge matrix:
2022-08-12 00:25:46.981254: I tensorflow/core/common_runtime/gpu/gpu_device.cc:990]      0 1 2 3 
2022-08-12 00:25:46.981270: I tensorflow/core/common_runtime/gpu/gpu_device.cc:1003] 0:   N N N N 
2022-08-12 00:25:46.981283: I tensorflow/core/common_runtime/gpu/gpu_device.cc:1003] 1:   N N N N 
2022-08-12 00:25:46.981296: I tensorflow/core/common_runtime/gpu/gpu_device.cc:1003] 2:   N N N N 
2022-08-12 00:25:46.981308: I tensorflow/core/common_runtime/gpu/gpu_device.cc:1003] 3:   N N N N 
2022-08-12 00:25:46.981544: I tensorflow/core/common_runtime/gpu/gpu_device.cc:1115] Created TensorFlow device (/job:localhost/replica:0/task:0/device:GPU:0 with 8041 MB memory) -> physical GPU (device: 0, name: NVIDIA GeForce RTX 2080 Ti, pci bus id: 0000:02:00.0, compute capability: 7.5)
2022-08-12 00:25:46.982059: I tensorflow/core/common_runtime/gpu/gpu_device.cc:1115] Created TensorFlow device (/job:localhost/replica:0/task:0/device:GPU:1 with 7045 MB memory) -> physical GPU (device: 1, name: NVIDIA GeForce RTX 2080 Ti, pci bus id: 0000:04:00.0, compute capability: 7.5)
2022-08-12 00:25:46.982380: I tensorflow/core/common_runtime/gpu/gpu_device.cc:1115] Created TensorFlow device (/job:localhost/replica:0/task:0/device:GPU:2 with 4066 MB memory) -> physical GPU (device: 2, name: NVIDIA GeForce RTX 2080 Ti, pci bus id: 0000:83:00.0, compute capability: 7.5)
2022-08-12 00:25:46.982981: I tensorflow/core/common_runtime/gpu/gpu_device.cc:1115] Created TensorFlow device (/job:localhost/replica:0/task:0/device:GPU:3 with 881 MB memory) -> physical GPU (device: 3, name: NVIDIA GeForce RTX 2080 Ti, pci bus id: 0000:84:00.0, compute capability: 7.5)
WARNING:tensorflow:From /home/zhoujianping/miniconda3/envs/tf1/lib/python3.6/site-packages/tensorflow/python/framework/op_def_library.py:263: colocate_with (from tensorflow.python.framework.ops) is deprecated and will be removed in a future version.
Instructions for updating:
Colocations handled automatically by placer.
WARNING:tensorflow:From /home/zhoujianping/QA_basedKG/bert/modeling.py:674: dense (from tensorflow.python.layers.core) is deprecated and will be removed in a future version.
Instructions for updating:
Use keras.layers.dense instead.
WARNING:tensorflow:From /home/zhoujianping/miniconda3/envs/tf1/lib/python3.6/site-packages/tensorflow/python/training/saver.py:1266: checkpoint_exists (from tensorflow.python.training.checkpoint_management) is deprecated and will be removed in a future version.
Instructions for updating:
Use standard file APIs to check for files with this prefix.
2022-08-12 00:25:53.666314: I tensorflow/stream_executor/dso_loader.cc:152] successfully opened CUDA library libcublas.so.10.0 locally
../checkpoints/webqa/ner/bert_softmax
checkpoint path:../checkpoints/webqa/ner/bert_softmax/checkpoint
{1: 'O', 2: 'B-PER', 3: 'I-PER', 4: 'B-ORG', 5: 'I-ORG', 6: 'B-LOC', 7: 'I-LOC', 8: 'X', 9: '[CLS]', 10: '[SEP]'}
going to restore checkpoint

WARNING: The TensorFlow contrib module will not be included in TensorFlow 2.0.
For more information, please see:
  * https://github.com/tensorflow/community/blob/master/rfcs/20180907-contrib-sunset.md
  * https://github.com/tensorflow/addons
If you depend on functionality not listed there, please file an issue.

accuracy: 89.56692913385827%, correct: 1820, total: 2032
Time used: 0 sec
['ko', 'yo', 'h', '41', '42', '35', '/', '10', '4', '2', '的', '5', '/', '1', '0', '轴', '承', '？'] ['B-LOC', 'X', 'O', 'X', 'X', 'X', 'O', 'O', 'O', 'O', 'O', 'O', 'O', 'O', 'O', 'O', 'O', 'O'] []
None
